
> web@0.1.0 build C:\Users\SPEED\OneDrive\Documents\BitRemit\BitRemit\apps\web
> next build

▲ Next.js 16.2.3 (Turbopack)

  Creating an optimized production build ...
Turbopack build encountered 1 warnings:
./apps/web/next.config.ts
Encountered unexpected file in NFT list
A file was traced that indicates that the whole project was traced unintentionally. Somewhere in the import trace below, there are:
- filesystem operations (like path.join, path.resolve or fs.readFile), or
- very dynamic requires (like require('./' + foo)).
To resolve this, you can
- remove them if possible, or
- only use them in development, or
- make sure they are statically scoped to some subfolder: path.join(process.cwd(), 'data', bar), or
- add ignore comments: path.join(/*turbopackIgnore: true*/ process.cwd(), bar)

Import trace:
  App Route:
    ./apps/web/next.config.ts
    ./packages/database/generated/client/index.js
    ./packages/database/src/client.ts
    ./apps/web/src/app/api/transactions/route.ts


✓ Compiled successfully in 9.7min
  Running TypeScript ...
Next.js build worker exited with code: 3221226505 and signal: null
 ELIFECYCLE  Command failed with exit code 3221226505.
